<?xml version="1.0" encoding="UTF-8"?>
<coverage generated="1650214734342" clover="3.2.0">
  <project timestamp="1650214734342" name="All files">
    <metrics statements="67" coveredstatements="35" conditionals="52" coveredconditionals="20" methods="15" coveredmethods="8" elements="134" coveredelements="63" complexity="0" loc="67" ncloc="67" packages="1" files="2" classes="2"/>
    <file name="Car.js" path="D:\interviewPrep\systemDesign\parking-lot\src\models\Car.js">
      <metrics statements="4" coveredstatements="3" conditionals="2" coveredconditionals="0" methods="2" coveredmethods="1"/>
      <line num="9" count="11" type="stmt"/>
      <line num="10" count="11" type="stmt"/>
      <line num="22" count="0" type="cond" truecount="0" falsecount="2"/>
      <line num="25" count="1" type="stmt"/>
    </file>
    <file name="ParkingLot.js" path="D:\interviewPrep\systemDesign\parking-lot\src\models\ParkingLot.js">
      <metrics statements="63" coveredstatements="32" conditionals="50" coveredconditionals="20" methods="13" coveredmethods="7"/>
      <line num="1" count="1" type="stmt"/>
      <line num="11" count="2" type="stmt"/>
      <line num="12" count="2" type="stmt"/>
      <line num="16" count="4" type="cond" truecount="2" falsecount="0"/>
      <line num="17" count="3" type="stmt"/>
      <line num="18" count="11" type="stmt"/>
      <line num="19" count="11" type="stmt"/>
      <line num="21" count="3" type="stmt"/>
      <line num="32" count="12" type="cond" truecount="3" falsecount="1"/>
      <line num="33" count="12" type="cond" truecount="2" falsecount="0"/>
      <line num="34" count="11" type="stmt"/>
      <line num="35" count="23" type="cond" truecount="2" falsecount="0"/>
      <line num="36" count="11" type="stmt"/>
      <line num="37" count="11" type="stmt"/>
      <line num="49" count="3" type="cond" truecount="4" falsecount="0"/>
      <line num="50" count="2" type="cond" truecount="1" falsecount="1"/>
      <line num="51" count="2" type="stmt"/>
      <line num="52" count="2" type="stmt"/>
      <line num="62" count="2" type="cond" truecount="1" falsecount="1"/>
      <line num="63" count="2" type="stmt"/>
      <line num="64" count="8" type="stmt"/>
      <line num="65" count="8" type="cond" truecount="2" falsecount="0"/>
      <line num="66" count="1" type="stmt"/>
      <line num="67" count="1" type="stmt"/>
      <line num="70" count="1" type="stmt"/>
      <line num="79" count="0" type="cond" truecount="0" falsecount="2"/>
      <line num="80" count="0" type="stmt"/>
      <line num="91" count="0" type="cond" truecount="0" falsecount="2"/>
      <line num="92" count="0" type="stmt"/>
      <line num="93" count="0" type="stmt"/>
      <line num="94" count="0" type="cond" truecount="0" falsecount="2"/>
      <line num="95" count="0" type="stmt"/>
      <line num="98" count="0" type="cond" truecount="0" falsecount="2"/>
      <line num="99" count="0" type="stmt"/>
      <line num="111" count="0" type="cond" truecount="0" falsecount="2"/>
      <line num="112" count="0" type="stmt"/>
      <line num="113" count="0" type="stmt"/>
      <line num="114" count="0" type="cond" truecount="0" falsecount="2"/>
      <line num="115" count="0" type="stmt"/>
      <line num="118" count="0" type="cond" truecount="0" falsecount="2"/>
      <line num="119" count="0" type="stmt"/>
      <line num="129" count="0" type="cond" truecount="0" falsecount="2"/>
      <line num="130" count="0" type="stmt"/>
      <line num="131" count="0" type="cond" truecount="0" falsecount="2"/>
      <line num="132" count="0" type="stmt"/>
      <line num="135" count="0" type="stmt"/>
      <line num="143" count="1" type="cond" truecount="1" falsecount="1"/>
      <line num="144" count="1" type="stmt"/>
      <line num="152" count="0" type="cond" truecount="0" falsecount="2"/>
      <line num="153" count="0" type="stmt"/>
      <line num="154" count="0" type="stmt"/>
      <line num="155" count="0" type="cond" truecount="0" falsecount="2"/>
      <line num="157" count="0" type="stmt"/>
      <line num="166" count="0" type="cond" truecount="0" falsecount="2"/>
      <line num="167" count="0" type="stmt"/>
      <line num="168" count="0" type="stmt"/>
      <line num="169" count="0" type="cond" truecount="0" falsecount="2"/>
      <line num="171" count="0" type="stmt"/>
      <line num="175" count="12" type="stmt"/>
      <line num="176" count="12" type="stmt"/>
      <line num="177" count="51" type="cond" truecount="2" falsecount="0"/>
      <line num="179" count="12" type="stmt"/>
      <line num="183" count="1" type="stmt"/>
    </file>
  </project>
</coverage>
