{"D:\\interviewPrep\\systemDesign\\parking-lot\\src\\models\\Car.js": {"path":"D:\\interviewPrep\\systemDesign\\parking-lot\\src\\models\\Car.js","statementMap":{"0":{"start":{"line":9,"column":2},"end":{"line":9,"column":39}},"1":{"start":{"line":10,"column":2},"end":{"line":10,"column":21}},"2":{"start":{"line":22,"column":2},"end":{"line":22,"column":141}},"3":{"start":{"line":25,"column":0},"end":{"line":25,"column":21}}},"fnMap":{"0":{"name":"(anonymous_0)","decl":{"start":{"line":8,"column":1},"end":{"line":8,"column":2}},"loc":{"start":{"line":8,"column":36},"end":{"line":11,"column":2}},"line":8},"1":{"name":"(anonymous_1)","decl":{"start":{"line":21,"column":1},"end":{"line":21,"column":2}},"loc":{"start":{"line":21,"column":24},"end":{"line":23,"column":2}},"line":21}},"branchMap":{"0":{"loc":{"start":{"line":22,"column":10},"end":{"line":22,"column":140}},"type":"binary-expr","locations":[{"start":{"line":22,"column":11},"end":{"line":22,"column":82}},{"start":{"line":22,"column":87},"end":{"line":22,"column":140}}],"line":22}},"s":{"0":11,"1":11,"2":0,"3":1},"f":{"0":11,"1":0},"b":{"0":[0,0]},"_coverageSchema":"1a1c01bbd47fc00a2c39e90264f33305004495a9","hash":"8dd24a9219fe253f48a0fc4f746c2c6aa6357e6c"}
,"D:\\interviewPrep\\systemDesign\\parking-lot\\src\\models\\ParkingLot.js": {"path":"D:\\interviewPrep\\systemDesign\\parking-lot\\src\\models\\ParkingLot.js","statementMap":{"0":{"start":{"line":1,"column":12},"end":{"line":1,"column":28}},"1":{"start":{"line":11,"column":2},"end":{"line":11,"column":27}},"2":{"start":{"line":12,"column":2},"end":{"line":12,"column":27}},"3":{"start":{"line":16,"column":2},"end":{"line":16,"column":89}},"4":{"start":{"line":16,"column":17},"end":{"line":16,"column":89}},"5":{"start":{"line":17,"column":2},"end":{"line":20,"column":3}},"6":{"start":{"line":17,"column":14},"end":{"line":17,"column":15}},"7":{"start":{"line":18,"column":3},"end":{"line":18,"column":24}},"8":{"start":{"line":19,"column":4},"end":{"line":19,"column":30}},"9":{"start":{"line":21,"column":2},"end":{"line":21,"column":30}},"10":{"start":{"line":32,"column":2},"end":{"line":32,"column":69}},"11":{"start":{"line":32,"column":32},"end":{"line":32,"column":69}},"12":{"start":{"line":33,"column":2},"end":{"line":33,"column":69}},"13":{"start":{"line":33,"column":30},"end":{"line":33,"column":69}},"14":{"start":{"line":34,"column":2},"end":{"line":39,"column":3}},"15":{"start":{"line":34,"column":14},"end":{"line":34,"column":15}},"16":{"start":{"line":35,"column":3},"end":{"line":38,"column":4}},"17":{"start":{"line":36,"column":4},"end":{"line":36,"column":50}},"18":{"start":{"line":37,"column":4},"end":{"line":37,"column":13}},"19":{"start":{"line":49,"column":2},"end":{"line":49,"column":82}},"20":{"start":{"line":49,"column":48},"end":{"line":49,"column":82}},"21":{"start":{"line":50,"column":2},"end":{"line":50,"column":65}},"22":{"start":{"line":50,"column":25},"end":{"line":50,"column":65}},"23":{"start":{"line":51,"column":2},"end":{"line":51,"column":27}},"24":{"start":{"line":52,"column":2},"end":{"line":52,"column":15}},"25":{"start":{"line":62,"column":2},"end":{"line":62,"column":71}},"26":{"start":{"line":62,"column":31},"end":{"line":62,"column":71}},"27":{"start":{"line":63,"column":2},"end":{"line":69,"column":3}},"28":{"start":{"line":64,"column":14},"end":{"line":64,"column":28}},"29":{"start":{"line":65,"column":3},"end":{"line":68,"column":4}},"30":{"start":{"line":66,"column":4},"end":{"line":66,"column":26}},"31":{"start":{"line":67,"column":4},"end":{"line":67,"column":26}},"32":{"start":{"line":70,"column":2},"end":{"line":70,"column":35}},"33":{"start":{"line":79,"column":2},"end":{"line":79,"column":71}},"34":{"start":{"line":79,"column":31},"end":{"line":79,"column":71}},"35":{"start":{"line":80,"column":2},"end":{"line":80,"column":20}},"36":{"start":{"line":91,"column":2},"end":{"line":91,"column":71}},"37":{"start":{"line":91,"column":31},"end":{"line":91,"column":71}},"38":{"start":{"line":92,"column":24},"end":{"line":92,"column":35}},"39":{"start":{"line":93,"column":2},"end":{"line":97,"column":3}},"40":{"start":{"line":93,"column":14},"end":{"line":93,"column":15}},"41":{"start":{"line":94,"column":3},"end":{"line":96,"column":4}},"42":{"start":{"line":95,"column":4},"end":{"line":95,"column":54}},"43":{"start":{"line":98,"column":2},"end":{"line":98,"column":82}},"44":{"start":{"line":98,"column":35},"end":{"line":98,"column":82}},"45":{"start":{"line":99,"column":2},"end":{"line":99,"column":25}},"46":{"start":{"line":111,"column":2},"end":{"line":111,"column":71}},"47":{"start":{"line":111,"column":31},"end":{"line":111,"column":71}},"48":{"start":{"line":112,"column":17},"end":{"line":112,"column":28}},"49":{"start":{"line":113,"column":2},"end":{"line":117,"column":3}},"50":{"start":{"line":113,"column":14},"end":{"line":113,"column":15}},"51":{"start":{"line":114,"column":3},"end":{"line":116,"column":4}},"52":{"start":{"line":115,"column":4},"end":{"line":115,"column":20}},"53":{"start":{"line":118,"column":2},"end":{"line":118,"column":76}},"54":{"start":{"line":118,"column":28},"end":{"line":118,"column":76}},"55":{"start":{"line":119,"column":2},"end":{"line":119,"column":18}},"56":{"start":{"line":129,"column":2},"end":{"line":129,"column":71}},"57":{"start":{"line":129,"column":31},"end":{"line":129,"column":71}},"58":{"start":{"line":130,"column":2},"end":{"line":134,"column":3}},"59":{"start":{"line":130,"column":14},"end":{"line":130,"column":15}},"60":{"start":{"line":131,"column":3},"end":{"line":133,"column":4}},"61":{"start":{"line":132,"column":4},"end":{"line":132,"column":13}},"62":{"start":{"line":135,"column":2},"end":{"line":135,"column":35}},"63":{"start":{"line":143,"column":2},"end":{"line":143,"column":71}},"64":{"start":{"line":143,"column":31},"end":{"line":143,"column":71}},"65":{"start":{"line":144,"column":2},"end":{"line":144,"column":20}},"66":{"start":{"line":152,"column":2},"end":{"line":152,"column":71}},"67":{"start":{"line":152,"column":31},"end":{"line":152,"column":71}},"68":{"start":{"line":153,"column":23},"end":{"line":153,"column":34}},"69":{"start":{"line":154,"column":2},"end":{"line":156,"column":3}},"70":{"start":{"line":154,"column":14},"end":{"line":154,"column":15}},"71":{"start":{"line":155,"column":3},"end":{"line":155,"column":52}},"72":{"start":{"line":155,"column":30},"end":{"line":155,"column":52}},"73":{"start":{"line":157,"column":2},"end":{"line":157,"column":29}},"74":{"start":{"line":166,"column":2},"end":{"line":166,"column":71}},"75":{"start":{"line":166,"column":31},"end":{"line":166,"column":71}},"76":{"start":{"line":167,"column":13},"end":{"line":167,"column":24}},"77":{"start":{"line":168,"column":2},"end":{"line":170,"column":3}},"78":{"start":{"line":168,"column":14},"end":{"line":168,"column":15}},"79":{"start":{"line":169,"column":3},"end":{"line":169,"column":42}},"80":{"start":{"line":169,"column":30},"end":{"line":169,"column":42}},"81":{"start":{"line":171,"column":2},"end":{"line":171,"column":19}},"82":{"start":{"line":175,"column":15},"end":{"line":175,"column":19}},"83":{"start":{"line":176,"column":2},"end":{"line":178,"column":3}},"84":{"start":{"line":177,"column":3},"end":{"line":177,"column":35}},"85":{"start":{"line":177,"column":21},"end":{"line":177,"column":35}},"86":{"start":{"line":179,"column":2},"end":{"line":179,"column":15}},"87":{"start":{"line":183,"column":0},"end":{"line":183,"column":28}}},"fnMap":{"0":{"name":"(anonymous_0)","decl":{"start":{"line":10,"column":1},"end":{"line":10,"column":2}},"loc":{"start":{"line":10,"column":15},"end":{"line":13,"column":2}},"line":10},"1":{"name":"(anonymous_1)","decl":{"start":{"line":15,"column":1},"end":{"line":15,"column":2}},"loc":{"start":{"line":15,"column":25},"end":{"line":22,"column":2}},"line":15},"2":{"name":"(anonymous_2)","decl":{"start":{"line":31,"column":1},"end":{"line":31,"column":2}},"loc":{"start":{"line":31,"column":32},"end":{"line":40,"column":2}},"line":31},"3":{"name":"(anonymous_3)","decl":{"start":{"line":48,"column":1},"end":{"line":48,"column":2}},"loc":{"start":{"line":48,"column":17},"end":{"line":53,"column":2}},"line":48},"4":{"name":"(anonymous_4)","decl":{"start":{"line":61,"column":1},"end":{"line":61,"column":2}},"loc":{"start":{"line":61,"column":42},"end":{"line":71,"column":2}},"line":61},"5":{"name":"(anonymous_5)","decl":{"start":{"line":78,"column":1},"end":{"line":78,"column":2}},"loc":{"start":{"line":78,"column":20},"end":{"line":81,"column":2}},"line":78},"6":{"name":"(anonymous_6)","decl":{"start":{"line":90,"column":1},"end":{"line":90,"column":2}},"loc":{"start":{"line":90,"column":23},"end":{"line":100,"column":2}},"line":90},"7":{"name":"(anonymous_7)","decl":{"start":{"line":110,"column":1},"end":{"line":110,"column":2}},"loc":{"start":{"line":110,"column":24},"end":{"line":120,"column":2}},"line":110},"8":{"name":"(anonymous_8)","decl":{"start":{"line":128,"column":1},"end":{"line":128,"column":2}},"loc":{"start":{"line":128,"column":41},"end":{"line":136,"column":2}},"line":128},"9":{"name":"(anonymous_9)","decl":{"start":{"line":142,"column":1},"end":{"line":142,"column":2}},"loc":{"start":{"line":142,"column":16},"end":{"line":145,"column":2}},"line":142},"10":{"name":"(anonymous_10)","decl":{"start":{"line":151,"column":1},"end":{"line":151,"column":2}},"loc":{"start":{"line":151,"column":21},"end":{"line":158,"column":2}},"line":151},"11":{"name":"(anonymous_11)","decl":{"start":{"line":165,"column":1},"end":{"line":165,"column":2}},"loc":{"start":{"line":165,"column":22},"end":{"line":172,"column":2}},"line":165},"12":{"name":"(anonymous_12)","decl":{"start":{"line":174,"column":1},"end":{"line":174,"column":2}},"loc":{"start":{"line":174,"column":20},"end":{"line":180,"column":2}},"line":174}},"branchMap":{"0":{"loc":{"start":{"line":16,"column":2},"end":{"line":16,"column":89}},"type":"if","locations":[{"start":{"line":16,"column":2},"end":{"line":16,"column":89}},{"start":{},"end":{}}],"line":16},"1":{"loc":{"start":{"line":32,"column":2},"end":{"line":32,"column":69}},"type":"if","locations":[{"start":{"line":32,"column":2},"end":{"line":32,"column":69}},{"start":{},"end":{}}],"line":32},"2":{"loc":{"start":{"line":32,"column":5},"end":{"line":32,"column":30}},"type":"binary-expr","locations":[{"start":{"line":32,"column":5},"end":{"line":32,"column":20}},{"start":{"line":32,"column":24},"end":{"line":32,"column":30}}],"line":32},"3":{"loc":{"start":{"line":33,"column":2},"end":{"line":33,"column":69}},"type":"if","locations":[{"start":{"line":33,"column":2},"end":{"line":33,"column":69}},{"start":{},"end":{}}],"line":33},"4":{"loc":{"start":{"line":35,"column":3},"end":{"line":38,"column":4}},"type":"if","locations":[{"start":{"line":35,"column":3},"end":{"line":38,"column":4}},{"start":{},"end":{}}],"line":35},"5":{"loc":{"start":{"line":49,"column":2},"end":{"line":49,"column":82}},"type":"if","locations":[{"start":{"line":49,"column":2},"end":{"line":49,"column":82}},{"start":{},"end":{}}],"line":49},"6":{"loc":{"start":{"line":49,"column":5},"end":{"line":49,"column":46}},"type":"binary-expr","locations":[{"start":{"line":49,"column":5},"end":{"line":49,"column":14}},{"start":{"line":49,"column":18},"end":{"line":49,"column":46}}],"line":49},"7":{"loc":{"start":{"line":50,"column":2},"end":{"line":50,"column":65}},"type":"if","locations":[{"start":{"line":50,"column":2},"end":{"line":50,"column":65}},{"start":{},"end":{}}],"line":50},"8":{"loc":{"start":{"line":62,"column":2},"end":{"line":62,"column":71}},"type":"if","locations":[{"start":{"line":62,"column":2},"end":{"line":62,"column":71}},{"start":{},"end":{}}],"line":62},"9":{"loc":{"start":{"line":65,"column":3},"end":{"line":68,"column":4}},"type":"if","locations":[{"start":{"line":65,"column":3},"end":{"line":68,"column":4}},{"start":{},"end":{}}],"line":65},"10":{"loc":{"start":{"line":79,"column":2},"end":{"line":79,"column":71}},"type":"if","locations":[{"start":{"line":79,"column":2},"end":{"line":79,"column":71}},{"start":{},"end":{}}],"line":79},"11":{"loc":{"start":{"line":91,"column":2},"end":{"line":91,"column":71}},"type":"if","locations":[{"start":{"line":91,"column":2},"end":{"line":91,"column":71}},{"start":{},"end":{}}],"line":91},"12":{"loc":{"start":{"line":94,"column":3},"end":{"line":96,"column":4}},"type":"if","locations":[{"start":{"line":94,"column":3},"end":{"line":96,"column":4}},{"start":{},"end":{}}],"line":94},"13":{"loc":{"start":{"line":98,"column":2},"end":{"line":98,"column":82}},"type":"if","locations":[{"start":{"line":98,"column":2},"end":{"line":98,"column":82}},{"start":{},"end":{}}],"line":98},"14":{"loc":{"start":{"line":111,"column":2},"end":{"line":111,"column":71}},"type":"if","locations":[{"start":{"line":111,"column":2},"end":{"line":111,"column":71}},{"start":{},"end":{}}],"line":111},"15":{"loc":{"start":{"line":114,"column":3},"end":{"line":116,"column":4}},"type":"if","locations":[{"start":{"line":114,"column":3},"end":{"line":116,"column":4}},{"start":{},"end":{}}],"line":114},"16":{"loc":{"start":{"line":118,"column":2},"end":{"line":118,"column":76}},"type":"if","locations":[{"start":{"line":118,"column":2},"end":{"line":118,"column":76}},{"start":{},"end":{}}],"line":118},"17":{"loc":{"start":{"line":129,"column":2},"end":{"line":129,"column":71}},"type":"if","locations":[{"start":{"line":129,"column":2},"end":{"line":129,"column":71}},{"start":{},"end":{}}],"line":129},"18":{"loc":{"start":{"line":131,"column":3},"end":{"line":133,"column":4}},"type":"if","locations":[{"start":{"line":131,"column":3},"end":{"line":133,"column":4}},{"start":{},"end":{}}],"line":131},"19":{"loc":{"start":{"line":143,"column":2},"end":{"line":143,"column":71}},"type":"if","locations":[{"start":{"line":143,"column":2},"end":{"line":143,"column":71}},{"start":{},"end":{}}],"line":143},"20":{"loc":{"start":{"line":152,"column":2},"end":{"line":152,"column":71}},"type":"if","locations":[{"start":{"line":152,"column":2},"end":{"line":152,"column":71}},{"start":{},"end":{}}],"line":152},"21":{"loc":{"start":{"line":155,"column":3},"end":{"line":155,"column":52}},"type":"if","locations":[{"start":{"line":155,"column":3},"end":{"line":155,"column":52}},{"start":{},"end":{}}],"line":155},"22":{"loc":{"start":{"line":166,"column":2},"end":{"line":166,"column":71}},"type":"if","locations":[{"start":{"line":166,"column":2},"end":{"line":166,"column":71}},{"start":{},"end":{}}],"line":166},"23":{"loc":{"start":{"line":169,"column":3},"end":{"line":169,"column":42}},"type":"if","locations":[{"start":{"line":169,"column":3},"end":{"line":169,"column":42}},{"start":{},"end":{}}],"line":169},"24":{"loc":{"start":{"line":177,"column":3},"end":{"line":177,"column":35}},"type":"if","locations":[{"start":{"line":177,"column":3},"end":{"line":177,"column":35}},{"start":{},"end":{}}],"line":177}},"s":{"0":1,"1":2,"2":2,"3":4,"4":1,"5":3,"6":3,"7":11,"8":11,"9":3,"10":12,"11":0,"12":12,"13":1,"14":11,"15":11,"16":23,"17":11,"18":11,"19":3,"20":1,"21":2,"22":0,"23":2,"24":2,"25":2,"26":0,"27":2,"28":8,"29":8,"30":1,"31":1,"32":1,"33":0,"34":0,"35":0,"36":0,"37":0,"38":0,"39":0,"40":0,"41":0,"42":0,"43":0,"44":0,"45":0,"46":0,"47":0,"48":0,"49":0,"50":0,"51":0,"52":0,"53":0,"54":0,"55":0,"56":0,"57":0,"58":0,"59":0,"60":0,"61":0,"62":0,"63":1,"64":0,"65":1,"66":0,"67":0,"68":0,"69":0,"70":0,"71":0,"72":0,"73":0,"74":0,"75":0,"76":0,"77":0,"78":0,"79":0,"80":0,"81":0,"82":12,"83":12,"84":51,"85":32,"86":12,"87":1},"f":{"0":2,"1":4,"2":12,"3":3,"4":2,"5":0,"6":0,"7":0,"8":0,"9":1,"10":0,"11":0,"12":12},"b":{"0":[1,3],"1":[0,12],"2":[12,12],"3":[1,11],"4":[11,12],"5":[1,2],"6":[3,2],"7":[0,2],"8":[0,2],"9":[1,7],"10":[0,0],"11":[0,0],"12":[0,0],"13":[0,0],"14":[0,0],"15":[0,0],"16":[0,0],"17":[0,0],"18":[0,0],"19":[0,1],"20":[0,0],"21":[0,0],"22":[0,0],"23":[0,0],"24":[32,19]},"_coverageSchema":"1a1c01bbd47fc00a2c39e90264f33305004495a9","hash":"3eecfbcc194b986572a14834f678c4856e9bc8fa"}
}
