TN:
SF:src\models\Car.js
FN:8,(anonymous_0)
FN:21,(anonymous_1)
FNF:2
FNH:1
FNDA:11,(anonymous_0)
FNDA:0,(anonymous_1)
DA:9,11
DA:10,11
DA:22,0
DA:25,1
LF:4
LH:3
BRDA:22,0,0,0
BRDA:22,0,1,0
BRF:2
BRH:0
end_of_record
TN:
SF:src\models\ParkingLot.js
FN:10,(anonymous_0)
FN:15,(anonymous_1)
FN:31,(anonymous_2)
FN:48,(anonymous_3)
FN:61,(anonymous_4)
FN:78,(anonymous_5)
FN:90,(anonymous_6)
FN:110,(anonymous_7)
FN:128,(anonymous_8)
FN:142,(anonymous_9)
FN:151,(anonymous_10)
FN:165,(anonymous_11)
FN:174,(anonymous_12)
FNF:13
FNH:7
FNDA:2,(anonymous_0)
FNDA:4,(anonymous_1)
FNDA:12,(anonymous_2)
FNDA:3,(anonymous_3)
FNDA:2,(anonymous_4)
FNDA:0,(anonymous_5)
FNDA:0,(anonymous_6)
FNDA:0,(anonymous_7)
FNDA:0,(anonymous_8)
FNDA:1,(anonymous_9)
FNDA:0,(anonymous_10)
FNDA:0,(anonymous_11)
FNDA:12,(anonymous_12)
DA:1,1
DA:11,2
DA:12,2
DA:16,4
DA:17,3
DA:18,11
DA:19,11
DA:21,3
DA:32,12
DA:33,12
DA:34,11
DA:35,23
DA:36,11
DA:37,11
DA:49,3
DA:50,2
DA:51,2
DA:52,2
DA:62,2
DA:63,2
DA:64,8
DA:65,8
DA:66,1
DA:67,1
DA:70,1
DA:79,0
DA:80,0
DA:91,0
DA:92,0
DA:93,0
DA:94,0
DA:95,0
DA:98,0
DA:99,0
DA:111,0
DA:112,0
DA:113,0
DA:114,0
DA:115,0
DA:118,0
DA:119,0
DA:129,0
DA:130,0
DA:131,0
DA:132,0
DA:135,0
DA:143,1
DA:144,1
DA:152,0
DA:153,0
DA:154,0
DA:155,0
DA:157,0
DA:166,0
DA:167,0
DA:168,0
DA:169,0
DA:171,0
DA:175,12
DA:176,12
DA:177,51
DA:179,12
DA:183,1
LF:63
LH:32
BRDA:16,0,0,1
BRDA:16,0,1,3
BRDA:32,1,0,0
BRDA:32,1,1,12
BRDA:32,2,0,12
BRDA:32,2,1,12
BRDA:33,3,0,1
BRDA:33,3,1,11
BRDA:35,4,0,11
BRDA:35,4,1,12
BRDA:49,5,0,1
BRDA:49,5,1,2
BRDA:49,6,0,3
BRDA:49,6,1,2
BRDA:50,7,0,0
BRDA:50,7,1,2
BRDA:62,8,0,0
BRDA:62,8,1,2
BRDA:65,9,0,1
BRDA:65,9,1,7
BRDA:79,10,0,0
BRDA:79,10,1,0
BRDA:91,11,0,0
BRDA:91,11,1,0
BRDA:94,12,0,0
BRDA:94,12,1,0
BRDA:98,13,0,0
BRDA:98,13,1,0
BRDA:111,14,0,0
BRDA:111,14,1,0
BRDA:114,15,0,0
BRDA:114,15,1,0
BRDA:118,16,0,0
BRDA:118,16,1,0
BRDA:129,17,0,0
BRDA:129,17,1,0
BRDA:131,18,0,0
BRDA:131,18,1,0
BRDA:143,19,0,0
BRDA:143,19,1,1
BRDA:152,20,0,0
BRDA:152,20,1,0
BRDA:155,21,0,0
BRDA:155,21,1,0
BRDA:166,22,0,0
BRDA:166,22,1,0
BRDA:169,23,0,0
BRDA:169,23,1,0
BRDA:177,24,0,32
BRDA:177,24,1,19
BRF:50
BRH:20
end_of_record
